2016-11-01 16:56:26,771 [1] DEBUG sipsorcery [(null)] - SIP Registrar daemon starting...
2016-11-01 16:56:26,832 [1] DEBUG sipsorcery [(null)] - Creating SIP Channel for <sipsocket>192.168.10.104:5060</sipsocket>.
2016-11-01 16:56:26,835 [1] DEBUG sipsorcery [(null)] -  attempting to create SIP UDP channel for 192.168.10.104:5060.
2016-11-01 16:56:26,837 [1] DEBUG sipsorcery.sip [(null)] - SIPUDPChannel listener created 192.168.10.104:5060.
2016-11-01 16:56:26,838 [sipchanneludp-PYWI] DEBUG sipsorcery.sip [(null)] - SIPUDPChannel socket on udp:192.168.10.104:5060 listening started.
2016-11-01 16:56:26,840 [1] DEBUG sipsorcery [(null)] - Added useragent config, useragent=VisionVera/1.0, expiry=3600s, contact lists=True.
2016-11-01 16:56:26,841 [1] DEBUG sipsorcery [(null)] - Added useragent config, useragent=fring, expiry=3600s, contact lists=False.
2016-11-01 16:56:26,841 [1] DEBUG sipsorcery [(null)] - Added useragent config, useragent=Nokia, expiry=3600s, contact lists=False.
2016-11-01 16:56:26,842 [1] DEBUG sipsorcery [(null)] - Added useragent config, useragent=Cisco-CP7960G/8.0, expiry=60s, contact lists=False.
2016-11-01 16:56:26,842 [1] DEBUG sipsorcery [(null)] - Added useragent config, useragent=.*, expiry=113s, contact lists=True.
2016-11-01 16:56:26,846 [1] DEBUG sipregistrar [(null)] - SIPRegistrarCore thread started with 1 threads.
2016-11-01 16:56:26,847 [1] DEBUG sipsorcery [(null)] - SIP Registrar successfully started.
2016-11-01 16:56:35,381 [sipchanneludp-PYWI] ERROR sipsorcery [(null)] - 反序列化错误XML 文档(2, 2)中有错误。   在 System.Xml.Serialization.XmlSerializer.Deserialize(XmlReader xmlReader, String encodingStyle, XmlDeserializationEvents events)
   在 System.Xml.Serialization.XmlSerializer.Deserialize(TextReader textReader)
   在 SIPSorcery.Sys.XML.XmlHelper`1.Deserialize(String xmlBody) 位置 f:\VisionVera\SourceCoder\Gb28181_Platform\SIPSorcery.Sys\XML\XmlHelper.cs:行号 138
2016-11-01 16:56:35,413 [sipchanneludp-PYWI] ERROR sipsorcery [(null)] - 反序列化错误XML 文档(2, 2)中有错误。   在 System.Xml.Serialization.XmlSerializer.Deserialize(XmlReader xmlReader, String encodingStyle, XmlDeserializationEvents events)
   在 System.Xml.Serialization.XmlSerializer.Deserialize(TextReader textReader)
   在 SIPSorcery.Sys.XML.XmlHelper`1.Deserialize(String xmlBody) 位置 f:\VisionVera\SourceCoder\Gb28181_Platform\SIPSorcery.Sys\XML\XmlHelper.cs:行号 138
2016-11-01 16:56:40,951 [sipchanneludp-PYWI] ERROR sipsorcery [(null)] - 反序列化错误XML 文档(2, 2)中有错误。   在 System.Xml.Serialization.XmlSerializer.Deserialize(XmlReader xmlReader, String encodingStyle, XmlDeserializationEvents events)
   在 System.Xml.Serialization.XmlSerializer.Deserialize(TextReader textReader)
   在 SIPSorcery.Sys.XML.XmlHelper`1.Deserialize(String xmlBody) 位置 f:\VisionVera\SourceCoder\Gb28181_Platform\SIPSorcery.Sys\XML\XmlHelper.cs:行号 138
2016-11-01 16:56:40,982 [sipchanneludp-PYWI] ERROR sipsorcery [(null)] - 反序列化错误XML 文档(2, 2)中有错误。   在 System.Xml.Serialization.XmlSerializer.Deserialize(XmlReader xmlReader, String encodingStyle, XmlDeserializationEvents events)
   在 System.Xml.Serialization.XmlSerializer.Deserialize(TextReader textReader)
   在 SIPSorcery.Sys.XML.XmlHelper`1.Deserialize(String xmlBody) 位置 f:\VisionVera\SourceCoder\Gb28181_Platform\SIPSorcery.Sys\XML\XmlHelper.cs:行号 138
2016-11-01 16:56:46,364 [1] DEBUG sipsorcery [(null)] - RTPChannel allocated RTP port of 10000 and control port of 10001.
2016-11-01 16:56:49,312 [1] DEBUG sipsorcery [(null)] - RTPChannel allocated RTP port of 10002 and control port of 10003.
2016-11-01 16:56:49,671 [rtpchanrecv-10002] WARN  sipsorcery [(null)] - RTPChannel.RTPReceive packets queue full, clearing.
2016-11-01 16:56:54,897 [1] DEBUG sipsorcery [(null)] - RTPChannel allocated RTP port of 10004 and control port of 10005.
2016-11-01 16:56:55,349 [rtpchanrecv-10004] WARN  sipsorcery [(null)] - RTPChannel.RTPReceive packets queue full, clearing.
2016-11-01 16:57:28,293 [1] DEBUG sipsorcery [(null)] - RTPChannel closing, RTP port 10002.
2016-11-01 16:57:31,322 [1] DEBUG sipsorcery [(null)] - RTPChannel closing, RTP port 10004.
2016-11-01 16:57:33,791 [1] DEBUG sipsorcery [(null)] - SIP Registrar daemon stopping...
2016-11-01 16:57:33,792 [1] DEBUG sipsorcery [(null)] - Shutting down Registrar Bindings Manager.
2016-11-01 16:57:33,793 [1] DEBUG sipsorcery [(null)] - Shutting down SIP Transport.
2016-11-01 16:57:33,796 [1] DEBUG sipsorcery.sip [(null)] - Closing SIP UDP Channel udp:192.168.10.104:5060.
2016-11-01 16:57:33,797 [1] DEBUG sipsorcery.sip [(null)] - SIPTransport Shutdown Complete.
2016-11-01 16:57:33,797 [sipchanneludp-PYWI] DEBUG sipsorcery.sip [(null)] - SIPUDPChannel socket on udp:192.168.10.104:5060 listening halted.
2016-11-01 16:57:33,799 [1] DEBUG sipsorcery [(null)] - sip message service stopped.
2016-11-01 16:57:33,806 [1] DEBUG sipsorcery [(null)] - SIP Registrar daemon stopped.
